# JRE version: OpenJDK Runtime Environment (11.0.11+9) (build 11.0.11+9-b60-7590822)
# Java VM: OpenJDK 64-Bit Server VM (11.0.11+9-b60-7590822, mixed mode, tiered, compressed oops, g1 gc, windows-amd64)
Heap:
 garbage-first heap   total 225280K, used 124452K [0x0000000080000000, 0x0000000100000000)
  region size 1024K, 27 young (27648K), 8 survivors (8192K)
 Metaspace       used 99874K, capacity 102286K, committed 102384K, reserved 1138688K
  class space    used 12552K, capacity 13420K, committed 13516K, reserved 1048576K
GC Heap History (20 events):
Event: 28.693 GC heap before
{Heap before GC invocations=23 (full 0):
 garbage-first heap   total 187392K, used 143179K [0x0000000080000000, 0x0000000100000000)
  region size 1024K, 32 young (32768K), 5 survivors (5120K)
 Metaspace       used 84510K, capacity 86593K, committed 86896K, reserved 1124352K
  class space    used 10902K, capacity 11692K, committed 11852K, reserved 1048576K
}
Event: 28.712 GC heap after
{Heap after GC invocations=24 (full 0):
 garbage-first heap   total 225280K, used 111836K [0x0000000080000000, 0x0000000100000000)
  region size 1024K, 4 young (4096K), 4 survivors (4096K)
 Metaspace       used 84510K, capacity 86593K, committed 86896K, reserved 1124352K
  class space    used 10902K, capacity 11692K, committed 11852K, reserved 1048576K
}
Event: 29.535 GC heap before
{Heap before GC invocations=24 (full 0):
 garbage-first heap   total 225280K, used 155868K [0x0000000080000000, 0x0000000100000000)
  region size 1024K, 47 young (48128K), 4 survivors (4096K)
 Metaspace       used 86606K, capacity 88677K, committed 88944K, reserved 1126400K
  class space    used 11173K, capacity 11958K, committed 12108K, reserved 1048576K
}
Event: 29.546 GC heap after
{Heap after GC invocations=25 (full 0):
 garbage-first heap   total 225280K, used 109895K [0x0000000080000000, 0x0000000100000000)
  region size 1024K, 4 young (4096K), 4 survivors (4096K)
 Metaspace       used 86606K, capacity 88677K, committed 88944K, reserved 1126400K
  class space    used 11173K, capacity 11958K, committed 12108K, reserved 1048576K
}
Event: 30.280 GC heap before
{Heap before GC invocations=26 (full 0):
 garbage-first heap   total 225280K, used 128327K [0x0000000080000000, 0x0000000100000000)
  region size 1024K, 23 young (23552K), 4 survivors (4096K)
 Metaspace       used 86689K, capacity 88805K, committed 89200K, reserved 1126400K
  class space    used 11178K, capacity 11958K, committed 12108K, reserved 1048576K
}
Event: 30.299 GC heap after
{Heap after GC invocations=27 (full 0):
 garbage-first heap   total 225280K, used 117824K [0x0000000080000000, 0x0000000100000000)
  region size 1024K, 7 young (7168K), 7 survivors (7168K)
 Metaspace       used 86689K, capacity 88805K, committed 89200K, reserved 1126400K
  class space    used 11178K, capacity 11958K, committed 12108K, reserved 1048576K
}
Event: 31.509 GC heap before
{Heap before GC invocations=28 (full 0):
 garbage-first heap   total 225280K, used 191552K [0x0000000080000000, 0x0000000100000000)
  region size 1024K, 52 young (53248K), 7 survivors (7168K)
 Metaspace       used 90362K, capacity 92454K, committed 92784K, reserved 1130496K
  class space    used 11495K, capacity 12277K, committed 12364K, reserved 1048576K
}
Event: 31.532 GC heap after
{Heap after GC invocations=29 (full 0):
 garbage-first heap   total 225280K, used 124005K [0x0000000080000000, 0x0000000100000000)
  region size 1024K, 7 young (7168K), 7 survivors (7168K)
 Metaspace       used 90362K, capacity 92454K, committed 92784K, reserved 1130496K
  class space    used 11495K, capacity 12277K, committed 12364K, reserved 1048576K
}
Event: 32.463 GC heap before
{Heap before GC invocations=29 (full 0):
 garbage-first heap   total 225280K, used 168037K [0x0000000080000000, 0x0000000100000000)
  region size 1024K, 51 young (52224K), 7 survivors (7168K)
 Metaspace       used 93284K, capacity 95470K, committed 95600K, reserved 1132544K
  class space    used 11755K, capacity 12550K, committed 12620K, reserved 1048576K
}
Event: 32.471 GC heap after
{Heap after GC invocations=30 (full 0):
 garbage-first heap   total 225280K, used 120641K [0x0000000080000000, 0x0000000100000000)
  region size 1024K, 2 young (2048K), 2 survivors (2048K)
 Metaspace       used 93284K, capacity 95470K, committed 95600K, reserved 1132544K
  class space    used 11755K, capacity 12550K, committed 12620K, reserved 1048576K
}
Event: 33.811 GC heap before
{Heap before GC invocations=31 (full 0):
 garbage-first heap   total 225280K, used 149313K [0x0000000080000000, 0x0000000100000000)
  region size 1024K, 51 young (52224K), 2 survivors (2048K)
 Metaspace       used 93810K, capacity 95967K, committed 96112K, reserved 1132544K
  class space    used 11800K, capacity 12583K, committed 12620K, reserved 1048576K
}
Event: 33.833 GC heap after
{Heap after GC invocations=32 (full 0):
 garbage-first heap   total 225280K, used 105298K [0x0000000080000000, 0x0000000100000000)
  region size 1024K, 7 young (7168K), 7 survivors (7168K)
 Metaspace       used 93810K, capacity 95967K, committed 96112K, reserved 1132544K
  class space    used 11800K, capacity 12583K, committed 12620K, reserved 1048576K
}
Event: 34.016 GC heap before
{Heap before GC invocations=32 (full 0):
 garbage-first heap   total 225280K, used 109394K [0x0000000080000000, 0x0000000100000000)
  region size 1024K, 11 young (11264K), 7 survivors (7168K)
 Metaspace       used 94414K, capacity 96686K, committed 97008K, reserved 1134592K
  class space    used 11867K, capacity 12652K, committed 12748K, reserved 1048576K
}
Event: 34.036 GC heap after
{Heap after GC invocations=33 (full 0):
 garbage-first heap   total 225280K, used 96086K [0x0000000080000000, 0x0000000100000000)
  region size 1024K, 1 young (1024K), 1 survivors (1024K)
 Metaspace       used 94414K, capacity 96686K, committed 97008K, reserved 1134592K
  class space    used 11867K, capacity 12652K, committed 12748K, reserved 1048576K
}
Event: 35.395 GC heap before
{Heap before GC invocations=33 (full 0):
 garbage-first heap   total 225280K, used 160598K [0x0000000080000000, 0x0000000100000000)
  region size 1024K, 65 young (66560K), 1 survivors (1024K)
 Metaspace       used 95494K, capacity 97669K, committed 97904K, reserved 1134592K
  class space    used 11998K, capacity 12770K, committed 12876K, reserved 1048576K
}
Event: 35.406 GC heap after
{Heap after GC invocations=34 (full 0):
 garbage-first heap   total 225280K, used 99158K [0x0000000080000000, 0x0000000100000000)
  region size 1024K, 4 young (4096K), 4 survivors (4096K)
 Metaspace       used 95494K, capacity 97669K, committed 97904K, reserved 1134592K
  class space    used 11998K, capacity 12770K, committed 12876K, reserved 1048576K
}
Event: 35.942 GC heap before
{Heap before GC invocations=34 (full 0):
 garbage-first heap   total 225280K, used 165718K [0x0000000080000000, 0x0000000100000000)
  region size 1024K, 70 young (71680K), 4 survivors (4096K)
 Metaspace       used 98024K, capacity 100167K, committed 100464K, reserved 1136640K
  class space    used 12329K, capacity 13090K, committed 13132K, reserved 1048576K
}
Event: 35.953 GC heap after
{Heap after GC invocations=35 (full 0):
 garbage-first heap   total 225280K, used 101883K [0x0000000080000000, 0x0000000100000000)
  region size 1024K, 7 young (7168K), 7 survivors (7168K)
 Metaspace       used 98024K, capacity 100167K, committed 100464K, reserved 1136640K
  class space    used 12329K, capacity 13090K, committed 13132K, reserved 1048576K
}
Event: 41.228 GC heap before
{Heap before GC invocations=35 (full 0):
 garbage-first heap   total 225280K, used 169467K [0x0000000080000000, 0x0000000100000000)
  region size 1024K, 74 young (75776K), 7 survivors (7168K)
 Metaspace       used 98737K, capacity 100967K, committed 101104K, reserved 1136640K
  class space    used 12388K, capacity 13209K, committed 13260K, reserved 1048576K
}
Event: 41.262 GC heap after
{Heap after GC invocations=36 (full 0):
 garbage-first heap   total 225280K, used 107044K [0x0000000080000000, 0x0000000100000000)
  region size 1024K, 8 young (8192K), 8 survivors (8192K)
 Metaspace       used 98737K, capacity 100967K, committed 101104K, reserved 1136640K
  class space    used 12388K, capacity 13209K, committed 13260K, reserved 1048576K
}

